2021-10-06 09:50:55,364 [Worker-6: Loading available Gradle versions] INFO  o.e.b.c.i.u.g.PublishedGradleVersions - Gradle version information cache is up-to-date. Trying to read.
2021-10-06 16:09:19,290 [Worker-2: Loading available Gradle versions] INFO  o.e.b.c.i.u.g.PublishedGradleVersions - Gradle version information cache is up-to-date. Trying to read.
2021-10-07 07:59:34,703 [Worker-4: Loading available Gradle versions] INFO  o.e.b.c.i.u.g.PublishedGradleVersions - Gradle version information cache is out-of-date. Trying to update.
2021-10-07 08:30:22,370 [Worker-27: Building] INFO  o.e.m.c.i.l.LifecycleMappingFactory - Using org.eclipse.m2e.jdt.JarLifecycleMapping lifecycle mapping for MavenProject: EmployeeCourseLayeredApproachProject:EmployeeCourseLayeredApproachProject:0.0.1-SNAPSHOT @ C:\Users\manav\Desktop\wileyJava\WileyMThreeC154\Day7\EmployeeCourseLayeredApproachProjectWithExceptionHandling\pom.xml.
2021-10-07 08:30:24,886 [Worker-27: Building] WARN  o.e.m.c.i.embedder.EclipseLogger - Using platform encoding (Cp1252 actually) to copy filtered resources, i.e. build is platform dependent!
2021-10-07 08:30:24,888 [Worker-27: Building] INFO  o.e.m.c.i.embedder.EclipseLogger - skip non existing resourceDirectory C:\Users\manav\Desktop\wileyJava\WileyMThreeC154\Day7\EmployeeCourseLayeredApproachProjectWithExceptionHandling\src\main\resources
2021-10-07 08:30:24,891 [Worker-27: Building] WARN  o.e.m.c.i.embedder.EclipseLogger - Using platform encoding (Cp1252 actually) to copy filtered resources, i.e. build is platform dependent!
2021-10-07 08:30:24,892 [Worker-27: Building] INFO  o.e.m.c.i.embedder.EclipseLogger - skip non existing resourceDirectory C:\Users\manav\Desktop\wileyJava\WileyMThreeC154\Day7\EmployeeCourseLayeredApproachProjectWithExceptionHandling\src\test\resources
2021-10-07 08:30:25,636 [Worker-26: Updating Maven Dependencies] INFO  o.e.m.c.i.l.LifecycleMappingFactory - Using org.eclipse.m2e.jdt.JarLifecycleMapping lifecycle mapping for MavenProject: EmployeeCourseLayeredApproachProject:EmployeeCourseLayeredApproachProject:0.0.1-SNAPSHOT @ C:\Users\manav\Desktop\wileyJava\WileyMThreeC154\Day7\EmployeeCourseLayeredApproachProjectWithExceptionHandling\pom.xml.
2021-10-07 08:30:25,840 [Worker-28: Building] WARN  o.e.m.c.i.embedder.EclipseLogger - Using platform encoding (Cp1252 actually) to copy filtered resources, i.e. build is platform dependent!
2021-10-07 08:30:25,841 [Worker-28: Building] INFO  o.e.m.c.i.embedder.EclipseLogger - skip non existing resourceDirectory C:\Users\manav\Desktop\wileyJava\WileyMThreeC154\Day7\EmployeeCourseLayeredApproachProjectWithExceptionHandling\src\main\resources
2021-10-07 08:30:25,844 [Worker-28: Building] WARN  o.e.m.c.i.embedder.EclipseLogger - Using platform encoding (Cp1252 actually) to copy filtered resources, i.e. build is platform dependent!
2021-10-07 08:30:25,846 [Worker-28: Building] INFO  o.e.m.c.i.embedder.EclipseLogger - skip non existing resourceDirectory C:\Users\manav\Desktop\wileyJava\WileyMThreeC154\Day7\EmployeeCourseLayeredApproachProjectWithExceptionHandling\src\test\resources
2021-10-07 08:30:26,360 [Worker-20: Building] WARN  o.e.m.c.i.embedder.EclipseLogger - Using platform encoding (Cp1252 actually) to copy filtered resources, i.e. build is platform dependent!
2021-10-07 08:30:26,361 [Worker-20: Building] INFO  o.e.m.c.i.embedder.EclipseLogger - skip non existing resourceDirectory C:\Users\manav\Desktop\wileyJava\WileyMThreeC154\Day7\EmployeeCourseLayeredApproachProjectWithExceptionHandling\src\main\resources
2021-10-07 08:30:26,363 [Worker-20: Building] WARN  o.e.m.c.i.embedder.EclipseLogger - Using platform encoding (Cp1252 actually) to copy filtered resources, i.e. build is platform dependent!
2021-10-07 08:30:26,365 [Worker-20: Building] INFO  o.e.m.c.i.embedder.EclipseLogger - skip non existing resourceDirectory C:\Users\manav\Desktop\wileyJava\WileyMThreeC154\Day7\EmployeeCourseLayeredApproachProjectWithExceptionHandling\src\test\resources
2021-10-07 10:35:47,753 [Worker-3: Loading available Gradle versions] INFO  o.e.b.c.i.u.g.PublishedGradleVersions - Gradle version information cache is up-to-date. Trying to read.
2021-10-09 16:05:04,263 [Worker-0: Loading available Gradle versions] INFO  o.e.b.c.i.u.g.PublishedGradleVersions - Gradle version information cache is up-to-date. Trying to read.
2021-10-09 16:05:09,547 [Worker-2: Updating Maven Dependencies] INFO  o.e.m.c.i.l.LifecycleMappingFactory - Using org.eclipse.m2e.jdt.JarLifecycleMapping lifecycle mapping for MavenProject: EmployeeCourseLayeredApproachProject:EmployeeCourseLayeredApproachProject:0.0.1-SNAPSHOT @ C:\Users\manav\Desktop\wileyJava\WileyMThreeC154\Day7\EmployeeCourseLayeredApproachProjectWithExceptionHandling\pom.xml.
2021-10-09 16:05:10,641 [Worker-1: Building] WARN  o.e.m.c.i.embedder.EclipseLogger - Using platform encoding (Cp1252 actually) to copy filtered resources, i.e. build is platform dependent!
2021-10-09 16:05:10,643 [Worker-1: Building] INFO  o.e.m.c.i.embedder.EclipseLogger - skip non existing resourceDirectory C:\Users\manav\Desktop\wileyJava\WileyMThreeC154\Day7\EmployeeCourseLayeredApproachProjectWithExceptionHandling\src\main\resources
2021-10-09 16:05:10,644 [Worker-1: Building] WARN  o.e.m.c.i.embedder.EclipseLogger - Using platform encoding (Cp1252 actually) to copy filtered resources, i.e. build is platform dependent!
2021-10-09 16:05:10,645 [Worker-1: Building] INFO  o.e.m.c.i.embedder.EclipseLogger - skip non existing resourceDirectory C:\Users\manav\Desktop\wileyJava\WileyMThreeC154\Day7\EmployeeCourseLayeredApproachProjectWithExceptionHandling\src\test\resources
2021-10-09 16:05:56,754 [Worker-6: Enabling Maven Dependency Management] INFO  o.e.m.c.i.l.LifecycleMappingFactory - Using org.eclipse.m2e.jdt.JarLifecycleMapping lifecycle mapping for MavenProject: MetroSystemProject:MetroSystemProject:0.0.1-SNAPSHOT @ D:\eclipse-java8-workspace\MetroSystemProject\pom.xml.
2021-10-09 16:05:56,862 [Worker-6: Enabling Maven Dependency Management] INFO  o.e.m.j.i.AbstractJavaProjectConfigurator - Adding source folder /MetroSystemProject/src
2021-10-09 16:05:56,865 [Worker-6: Enabling Maven Dependency Management] INFO  o.e.m.j.i.AbstractJavaProjectConfigurator - Not adding source folder /MetroSystemProject/src/test/java because it overlaps with /MetroSystemProject/src
2021-10-09 16:05:57,045 [Worker-6: Enabling Maven Dependency Management] INFO  o.e.m.c.i.p.ProjectConfigurationManager - Update started
2021-10-09 16:05:57,093 [Worker-6: Enabling Maven Dependency Management] INFO  o.e.m.c.i.l.LifecycleMappingFactory - Using org.eclipse.m2e.jdt.JarLifecycleMapping lifecycle mapping for MavenProject: MetroSystemProject:MetroSystemProject:0.0.1-SNAPSHOT @ D:\eclipse-java8-workspace\MetroSystemProject\pom.xml.
2021-10-09 16:05:57,233 [Worker-6: Enabling Maven Dependency Management] INFO  o.e.m.j.i.AbstractJavaProjectConfigurator - Adding source folder /MetroSystemProject/src
2021-10-09 16:05:57,233 [Worker-6: Enabling Maven Dependency Management] INFO  o.e.m.j.i.AbstractJavaProjectConfigurator - Not adding source folder /MetroSystemProject/src/test/java because it overlaps with /MetroSystemProject/src
2021-10-09 16:05:57,325 [Worker-6: Enabling Maven Dependency Management] INFO  o.e.m.c.i.p.ProjectConfigurationManager - Update completed: 0 sec
2021-10-09 16:05:57,491 [Worker-6: Building] WARN  o.e.m.c.i.embedder.EclipseLogger - Using platform encoding (Cp1252 actually) to copy filtered resources, i.e. build is platform dependent!
2021-10-09 16:05:57,492 [Worker-6: Building] INFO  o.e.m.c.i.embedder.EclipseLogger - skip non existing resourceDirectory D:\eclipse-java8-workspace\MetroSystemProject\src\main\resources
2021-10-09 16:05:57,494 [Worker-6: Building] WARN  o.e.m.c.i.embedder.EclipseLogger - Using platform encoding (Cp1252 actually) to copy filtered resources, i.e. build is platform dependent!
2021-10-09 16:05:57,495 [Worker-6: Building] INFO  o.e.m.c.i.embedder.EclipseLogger - skip non existing resourceDirectory D:\eclipse-java8-workspace\MetroSystemProject\src\test\resources
2021-10-09 16:06:08,975 [Worker-1: Building] INFO  o.e.m.c.i.l.LifecycleMappingFactory - Using org.eclipse.m2e.jdt.JarLifecycleMapping lifecycle mapping for MavenProject: MetroSystemProject:MetroSystemProject:0.0.1-SNAPSHOT @ D:\eclipse-java8-workspace\MetroSystemProject\pom.xml.
2021-10-09 16:06:09,012 [Worker-1: Building] WARN  o.e.m.c.i.embedder.EclipseLogger - Using platform encoding (Cp1252 actually) to copy filtered resources, i.e. build is platform dependent!
2021-10-09 16:06:09,013 [Worker-1: Building] INFO  o.e.m.c.i.embedder.EclipseLogger - skip non existing resourceDirectory D:\eclipse-java8-workspace\MetroSystemProject\src\main\resources
2021-10-09 16:06:09,015 [Worker-1: Building] WARN  o.e.m.c.i.embedder.EclipseLogger - Using platform encoding (Cp1252 actually) to copy filtered resources, i.e. build is platform dependent!
2021-10-09 16:06:09,015 [Worker-1: Building] INFO  o.e.m.c.i.embedder.EclipseLogger - skip non existing resourceDirectory D:\eclipse-java8-workspace\MetroSystemProject\src\test\resources
2021-10-09 16:06:10,297 [Worker-5: Building] WARN  o.e.m.c.i.embedder.EclipseLogger - Using platform encoding (Cp1252 actually) to copy filtered resources, i.e. build is platform dependent!
2021-10-09 16:06:10,298 [Worker-5: Building] INFO  o.e.m.c.i.embedder.EclipseLogger - skip non existing resourceDirectory D:\eclipse-java8-workspace\MetroSystemProject\src\main\resources
2021-10-09 16:06:10,299 [Worker-5: Building] WARN  o.e.m.c.i.embedder.EclipseLogger - Using platform encoding (Cp1252 actually) to copy filtered resources, i.e. build is platform dependent!
2021-10-09 16:06:10,300 [Worker-5: Building] INFO  o.e.m.c.i.embedder.EclipseLogger - skip non existing resourceDirectory D:\eclipse-java8-workspace\MetroSystemProject\src\test\resources
2021-10-09 16:06:50,561 [Worker-0: Loading available Gradle versions] INFO  o.e.b.c.i.u.g.PublishedGradleVersions - Gradle version information cache is up-to-date. Trying to read.
2021-10-09 16:08:00,217 [Worker-19: Building] WARN  o.e.m.c.i.embedder.EclipseLogger - Using platform encoding (Cp1252 actually) to copy filtered resources, i.e. build is platform dependent!
2021-10-09 16:08:00,218 [Worker-19: Building] INFO  o.e.m.c.i.embedder.EclipseLogger - skip non existing resourceDirectory D:\eclipse-java8-workspace\MetroSystemProject\src\main\resources
2021-10-09 16:08:00,220 [Worker-19: Building] WARN  o.e.m.c.i.embedder.EclipseLogger - Using platform encoding (Cp1252 actually) to copy filtered resources, i.e. build is platform dependent!
2021-10-09 16:08:00,221 [Worker-19: Building] INFO  o.e.m.c.i.embedder.EclipseLogger - skip non existing resourceDirectory D:\eclipse-java8-workspace\MetroSystemProject\src\test\resources
2021-10-09 16:08:40,761 [Worker-5: Building] WARN  o.e.m.c.i.embedder.EclipseLogger - Using platform encoding (Cp1252 actually) to copy filtered resources, i.e. build is platform dependent!
2021-10-09 16:08:40,762 [Worker-5: Building] INFO  o.e.m.c.i.embedder.EclipseLogger - skip non existing resourceDirectory D:\eclipse-java8-workspace\MetroSystemProject\src\main\resources
2021-10-09 16:08:40,763 [Worker-5: Building] WARN  o.e.m.c.i.embedder.EclipseLogger - Using platform encoding (Cp1252 actually) to copy filtered resources, i.e. build is platform dependent!
2021-10-09 16:08:40,763 [Worker-5: Building] INFO  o.e.m.c.i.embedder.EclipseLogger - skip non existing resourceDirectory D:\eclipse-java8-workspace\MetroSystemProject\src\test\resources
2021-10-09 16:08:58,166 [Worker-0: Loading available Gradle versions] INFO  o.e.b.c.i.u.g.PublishedGradleVersions - Gradle version information cache is up-to-date. Trying to read.
2021-10-09 16:10:18,142 [Worker-16: Building] WARN  o.e.m.c.i.embedder.EclipseLogger - Using platform encoding (Cp1252 actually) to copy filtered resources, i.e. build is platform dependent!
2021-10-09 16:10:18,143 [Worker-16: Building] INFO  o.e.m.c.i.embedder.EclipseLogger - skip non existing resourceDirectory D:\eclipse-java8-workspace\MetroSystemProject\src\main\resources
2021-10-09 16:10:18,145 [Worker-16: Building] WARN  o.e.m.c.i.embedder.EclipseLogger - Using platform encoding (Cp1252 actually) to copy filtered resources, i.e. build is platform dependent!
2021-10-09 16:10:18,147 [Worker-16: Building] INFO  o.e.m.c.i.embedder.EclipseLogger - skip non existing resourceDirectory D:\eclipse-java8-workspace\MetroSystemProject\src\test\resources
2021-10-09 16:12:44,800 [Worker-2: Building] WARN  o.e.m.c.i.embedder.EclipseLogger - Using platform encoding (Cp1252 actually) to copy filtered resources, i.e. build is platform dependent!
2021-10-09 16:12:44,800 [Worker-2: Building] INFO  o.e.m.c.i.embedder.EclipseLogger - skip non existing resourceDirectory D:\eclipse-java8-workspace\MetroSystemProject\src\main\resources
2021-10-09 16:12:44,801 [Worker-2: Building] WARN  o.e.m.c.i.embedder.EclipseLogger - Using platform encoding (Cp1252 actually) to copy filtered resources, i.e. build is platform dependent!
2021-10-09 16:12:44,802 [Worker-2: Building] INFO  o.e.m.c.i.embedder.EclipseLogger - skip non existing resourceDirectory D:\eclipse-java8-workspace\MetroSystemProject\src\test\resources
2021-10-14 10:14:41,478 [Worker-0: Loading available Gradle versions] INFO  o.e.b.c.i.u.g.PublishedGradleVersions - Gradle version information cache is out-of-date. Trying to update.
2021-10-17 11:57:44,092 [Worker-1: Loading available Gradle versions] INFO  o.e.b.c.i.u.g.PublishedGradleVersions - Gradle version information cache is up-to-date. Trying to read.
2021-10-17 12:08:46,192 [Worker-23: Building] WARN  o.e.m.c.i.embedder.EclipseLogger - Using platform encoding (Cp1252 actually) to copy filtered resources, i.e. build is platform dependent!
2021-10-17 12:08:46,193 [Worker-23: Building] INFO  o.e.m.c.i.embedder.EclipseLogger - skip non existing resourceDirectory D:\work-space\eclipse-java8-workspace\MetroSystemProject\src\main\resources
2021-10-17 12:08:46,196 [Worker-23: Building] WARN  o.e.m.c.i.embedder.EclipseLogger - Using platform encoding (Cp1252 actually) to copy filtered resources, i.e. build is platform dependent!
2021-10-17 12:08:46,197 [Worker-23: Building] INFO  o.e.m.c.i.embedder.EclipseLogger - skip non existing resourceDirectory D:\work-space\eclipse-java8-workspace\MetroSystemProject\src\test\resources
2021-10-17 12:08:56,916 [Worker-22: Building] WARN  o.e.m.c.i.embedder.EclipseLogger - Using platform encoding (Cp1252 actually) to copy filtered resources, i.e. build is platform dependent!
2021-10-17 12:08:56,917 [Worker-22: Building] INFO  o.e.m.c.i.embedder.EclipseLogger - skip non existing resourceDirectory D:\work-space\eclipse-java8-workspace\MetroSystemProject\src\main\resources
2021-10-17 12:08:56,919 [Worker-22: Building] WARN  o.e.m.c.i.embedder.EclipseLogger - Using platform encoding (Cp1252 actually) to copy filtered resources, i.e. build is platform dependent!
2021-10-17 12:08:56,920 [Worker-22: Building] INFO  o.e.m.c.i.embedder.EclipseLogger - skip non existing resourceDirectory D:\work-space\eclipse-java8-workspace\MetroSystemProject\src\test\resources
2021-10-17 12:09:39,053 [Worker-22: Building] WARN  o.e.m.c.i.embedder.EclipseLogger - Using platform encoding (Cp1252 actually) to copy filtered resources, i.e. build is platform dependent!
2021-10-17 12:09:39,054 [Worker-22: Building] INFO  o.e.m.c.i.embedder.EclipseLogger - skip non existing resourceDirectory D:\work-space\eclipse-java8-workspace\MetroSystemProject\src\main\resources
2021-10-17 12:09:39,059 [Worker-22: Building] WARN  o.e.m.c.i.embedder.EclipseLogger - Using platform encoding (Cp1252 actually) to copy filtered resources, i.e. build is platform dependent!
2021-10-17 12:09:39,061 [Worker-22: Building] INFO  o.e.m.c.i.embedder.EclipseLogger - skip non existing resourceDirectory D:\work-space\eclipse-java8-workspace\MetroSystemProject\src\test\resources
2021-10-17 12:53:05,843 [Worker-33: Building] INFO  o.e.m.c.i.l.LifecycleMappingFactory - Using org.eclipse.m2e.jdt.JarLifecycleMapping lifecycle mapping for MavenProject: EmployeeJDBCLayeredApproach:EmployeeJDBCLayeredApproach:0.0.1-SNAPSHOT @ D:\work-space\eclipse-workspace\EmployeeJDBCLayeredApproach\pom.xml.
2021-10-17 12:53:06,209 [Worker-33: Building] WARN  o.e.m.c.i.embedder.EclipseLogger - Using platform encoding (Cp1252 actually) to copy filtered resources, i.e. build is platform dependent!
2021-10-17 12:53:06,210 [Worker-33: Building] INFO  o.e.m.c.i.embedder.EclipseLogger - skip non existing resourceDirectory D:\work-space\eclipse-workspace\EmployeeJDBCLayeredApproach\src\main\resources
2021-10-17 12:53:06,213 [Worker-33: Building] WARN  o.e.m.c.i.embedder.EclipseLogger - Using platform encoding (Cp1252 actually) to copy filtered resources, i.e. build is platform dependent!
2021-10-17 12:53:06,214 [Worker-33: Building] INFO  o.e.m.c.i.embedder.EclipseLogger - skip non existing resourceDirectory D:\work-space\eclipse-workspace\EmployeeJDBCLayeredApproach\src\test\resources
2021-10-17 12:53:07,058 [Worker-32: Building] WARN  o.e.m.c.i.embedder.EclipseLogger - Using platform encoding (Cp1252 actually) to copy filtered resources, i.e. build is platform dependent!
2021-10-17 12:53:07,060 [Worker-32: Building] INFO  o.e.m.c.i.embedder.EclipseLogger - skip non existing resourceDirectory D:\work-space\eclipse-workspace\EmployeeJDBCLayeredApproach\src\main\resources
2021-10-17 12:53:07,060 [Worker-35: Updating Maven Dependencies] INFO  o.e.m.c.i.l.LifecycleMappingFactory - Using org.eclipse.m2e.jdt.JarLifecycleMapping lifecycle mapping for MavenProject: EmployeeJDBCLayeredApproach:EmployeeJDBCLayeredApproach:0.0.1-SNAPSHOT @ D:\work-space\eclipse-workspace\EmployeeJDBCLayeredApproach\pom.xml.
2021-10-17 12:53:07,062 [Worker-32: Building] WARN  o.e.m.c.i.embedder.EclipseLogger - Using platform encoding (Cp1252 actually) to copy filtered resources, i.e. build is platform dependent!
2021-10-17 12:53:07,063 [Worker-32: Building] INFO  o.e.m.c.i.embedder.EclipseLogger - skip non existing resourceDirectory D:\work-space\eclipse-workspace\EmployeeJDBCLayeredApproach\src\test\resources
2021-10-17 12:53:08,163 [Worker-31: Building] WARN  o.e.m.c.i.embedder.EclipseLogger - Using platform encoding (Cp1252 actually) to copy filtered resources, i.e. build is platform dependent!
2021-10-17 12:53:08,164 [Worker-31: Building] INFO  o.e.m.c.i.embedder.EclipseLogger - skip non existing resourceDirectory D:\work-space\eclipse-workspace\EmployeeJDBCLayeredApproach\src\main\resources
2021-10-17 12:53:08,166 [Worker-31: Building] WARN  o.e.m.c.i.embedder.EclipseLogger - Using platform encoding (Cp1252 actually) to copy filtered resources, i.e. build is platform dependent!
2021-10-17 12:53:08,167 [Worker-31: Building] INFO  o.e.m.c.i.embedder.EclipseLogger - skip non existing resourceDirectory D:\work-space\eclipse-workspace\EmployeeJDBCLayeredApproach\src\test\resources
2021-10-17 13:14:22,014 [Worker-43: Building] INFO  o.e.m.c.i.l.LifecycleMappingFactory - Using org.eclipse.m2e.jdt.JarLifecycleMapping lifecycle mapping for MavenProject: MetroSystemProject:MetroSystemProject:0.0.1-SNAPSHOT @ D:\work-space\eclipse-java8-workspace\MetroSystemProject\pom.xml.
2021-10-17 13:14:22,270 [Worker-43: Building] WARN  o.e.m.c.i.embedder.EclipseLogger - Using platform encoding (Cp1252 actually) to copy filtered resources, i.e. build is platform dependent!
2021-10-17 13:14:22,270 [Worker-43: Building] INFO  o.e.m.c.i.embedder.EclipseLogger - skip non existing resourceDirectory D:\work-space\eclipse-java8-workspace\MetroSystemProject\src\main\resources
2021-10-17 13:14:22,272 [Worker-43: Building] WARN  o.e.m.c.i.embedder.EclipseLogger - Using platform encoding (Cp1252 actually) to copy filtered resources, i.e. build is platform dependent!
2021-10-17 13:14:22,273 [Worker-43: Building] INFO  o.e.m.c.i.embedder.EclipseLogger - skip non existing resourceDirectory D:\work-space\eclipse-java8-workspace\MetroSystemProject\src\test\resources
2021-10-17 13:14:23,595 [Worker-47: Building] WARN  o.e.m.c.i.embedder.EclipseLogger - Using platform encoding (Cp1252 actually) to copy filtered resources, i.e. build is platform dependent!
2021-10-17 13:14:23,596 [Worker-47: Building] INFO  o.e.m.c.i.embedder.EclipseLogger - skip non existing resourceDirectory D:\work-space\eclipse-java8-workspace\MetroSystemProject\src\main\resources
2021-10-17 13:14:23,601 [Worker-47: Building] WARN  o.e.m.c.i.embedder.EclipseLogger - Using platform encoding (Cp1252 actually) to copy filtered resources, i.e. build is platform dependent!
2021-10-17 13:14:23,602 [Worker-47: Building] INFO  o.e.m.c.i.embedder.EclipseLogger - skip non existing resourceDirectory D:\work-space\eclipse-java8-workspace\MetroSystemProject\src\test\resources
2021-10-18 00:29:23,289 [Worker-83: Building] WARN  o.e.m.c.i.embedder.EclipseLogger - Using platform encoding (Cp1252 actually) to copy filtered resources, i.e. build is platform dependent!
2021-10-18 00:29:23,293 [Worker-83: Building] INFO  o.e.m.c.i.embedder.EclipseLogger - skip non existing resourceDirectory D:\work-space\eclipse-java8-workspace\MetroSystemProject\src\main\resources
2021-10-18 00:29:23,296 [Worker-83: Building] WARN  o.e.m.c.i.embedder.EclipseLogger - Using platform encoding (Cp1252 actually) to copy filtered resources, i.e. build is platform dependent!
2021-10-18 00:29:23,302 [Worker-83: Building] INFO  o.e.m.c.i.embedder.EclipseLogger - skip non existing resourceDirectory D:\work-space\eclipse-java8-workspace\MetroSystemProject\src\test\resources
2022-03-05 08:12:05,983 [Worker-1: Loading available Gradle versions] INFO  o.e.b.c.i.u.g.PublishedGradleVersions - Gradle version information cache is out-of-date. Trying to update.
2022-03-05 14:38:48,219 [Worker-3: Loading available Gradle versions] INFO  o.e.b.c.i.u.g.PublishedGradleVersions - Gradle version information cache is up-to-date. Trying to read.
